The system is: Linux - 5.15.90.1-microsoft-standard-WSL2 - x86_64
Compiling the C compiler identification source file "CMakeCCompilerId.c" succeeded.
Compiler: /usr/bin/cc 
Build flags: 
Id flags:  

The output was:
0


Compilation of the C compiler identification source "CMakeCCompilerId.c" produced "a.out"

The C compiler identification is GNU, found in "/home/johncom/JuneSixthPractice/build-fprime-automatic-native/prescan/CMakeFiles/3.18.4/CompilerIdC/a.out"

Compiling the CXX compiler identification source file "CMakeCXXCompilerId.cpp" succeeded.
Compiler: /usr/bin/c++ 
Build flags: 
Id flags:  

The output was:
0


Compilation of the CXX compiler identification source "CMakeCXXCompilerId.cpp" produced "a.out"

The CXX compiler identification is GNU, found in "/home/johncom/JuneSixthPractice/build-fprime-automatic-native/prescan/CMakeFiles/3.18.4/CompilerIdCXX/a.out"

Determining if the include file pthread.h exists passed with the following output:
Change Dir: /home/johncom/JuneSixthPractice/build-fprime-automatic-native/prescan/CMakeFiles/CMakeTmp

Run Build Command(s):/usr/bin/gmake cmTC_04d46/fast && /usr/bin/gmake  -f CMakeFiles/cmTC_04d46.dir/build.make CMakeFiles/cmTC_04d46.dir/build
gmake[1]: Entering directory '/home/johncom/JuneSixthPractice/build-fprime-automatic-native/prescan/CMakeFiles/CMakeTmp'
Building C object CMakeFiles/cmTC_04d46.dir/CheckIncludeFile.c.o
/usr/bin/cc   -std=c99 -o CMakeFiles/cmTC_04d46.dir/CheckIncludeFile.c.o -c /home/johncom/JuneSixthPractice/build-fprime-automatic-native/prescan/CMakeFiles/CMakeTmp/CheckIncludeFile.c
Linking C executable cmTC_04d46
/usr/bin/cmake -E cmake_link_script CMakeFiles/cmTC_04d46.dir/link.txt --verbose=1
/usr/bin/cc CMakeFiles/cmTC_04d46.dir/CheckIncludeFile.c.o -o cmTC_04d46 
gmake[1]: Leaving directory '/home/johncom/JuneSixthPractice/build-fprime-automatic-native/prescan/CMakeFiles/CMakeTmp'



Determining if the function pthread_create exists in the pthread passed with the following output:
Change Dir: /home/johncom/JuneSixthPractice/build-fprime-automatic-native/prescan/CMakeFiles/CMakeTmp

Run Build Command(s):/usr/bin/gmake cmTC_e9696/fast && /usr/bin/gmake  -f CMakeFiles/cmTC_e9696.dir/build.make CMakeFiles/cmTC_e9696.dir/build
gmake[1]: Entering directory '/home/johncom/JuneSixthPractice/build-fprime-automatic-native/prescan/CMakeFiles/CMakeTmp'
Building C object CMakeFiles/cmTC_e9696.dir/CheckFunctionExists.c.o
/usr/bin/cc   -DCHECK_FUNCTION_EXISTS=pthread_create -std=c99 -o CMakeFiles/cmTC_e9696.dir/CheckFunctionExists.c.o -c /usr/share/cmake-3.18/Modules/CheckFunctionExists.c
Linking C executable cmTC_e9696
/usr/bin/cmake -E cmake_link_script CMakeFiles/cmTC_e9696.dir/link.txt --verbose=1
/usr/bin/cc  -DCHECK_FUNCTION_EXISTS=pthread_create CMakeFiles/cmTC_e9696.dir/CheckFunctionExists.c.o -o cmTC_e9696  -lpthread 
gmake[1]: Leaving directory '/home/johncom/JuneSixthPractice/build-fprime-automatic-native/prescan/CMakeFiles/CMakeTmp'



